{"level":"info","message":"History fetched | User: 69b3f22d54cb044de0ec06b5 | Count: 0","service":"transaction-service","timestamp":"2026-03-14 17:32:08"}
{"level":"info","message":"History fetched | User: 69b3f22d54cb044de0ec06b5 | Count: 0","service":"transaction-service","timestamp":"2026-03-14 17:32:11"}
{"level":"info","message":"History fetched | User: 69b3f22d54cb044de0ec06b5 | Count: 0","service":"transaction-service","timestamp":"2026-03-14 17:32:38"}
{"level":"info","message":"History fetched | User: 69b3f22d54cb044de0ec06b5 | Count: 0","service":"transaction-service","timestamp":"2026-03-14 17:32:38"}
{"level":"info","message":"History fetched | User: 69b3f22d54cb044de0ec06b5 | Count: 0","service":"transaction-service","timestamp":"2026-03-14 17:32:52"}
{"level":"info","message":"History fetched | User: 69b3f22d54cb044de0ec06b5 | Count: 0","service":"transaction-service","timestamp":"2026-03-14 17:32:52"}
{"level":"info","message":"History fetched | User: 69b3f22d54cb044de0ec06b5 | Count: 0","service":"transaction-service","timestamp":"2026-03-14 17:33:04"}
{"level":"info","message":"History fetched | User: 69b3f22d54cb044de0ec06b5 | Count: 0","service":"transaction-service","timestamp":"2026-03-14 17:33:04"}
{"level":"info","message":"History fetched | User: 69b3f22d54cb044de0ec06b5 | Count: 0","service":"transaction-service","timestamp":"2026-03-14 17:40:01"}
{"level":"info","message":"History fetched | User: 69b3f22d54cb044de0ec06b5 | Count: 0","service":"transaction-service","timestamp":"2026-03-14 17:40:02"}
{"level":"info","message":"History fetched | User: 69b3f22d54cb044de0ec06b5 | Count: 0","service":"transaction-service","timestamp":"2026-03-14 17:40:18"}
{"level":"info","message":"History fetched | User: 69b3f22d54cb044de0ec06b5 | Count: 0","service":"transaction-service","timestamp":"2026-03-14 17:40:19"}
{"level":"info","message":"History fetched | User: 69b3f22d54cb044de0ec06b5 | Count: 0","service":"transaction-service","timestamp":"2026-03-14 17:40:53"}
{"level":"info","message":"History fetched | User: 69b3f22d54cb044de0ec06b5 | Count: 0","service":"transaction-service","timestamp":"2026-03-14 17:40:54"}
{"level":"info","message":"History fetched | User: 69b3f22d54cb044de0ec06b5 | Count: 0","service":"transaction-service","timestamp":"2026-03-14 18:03:53"}
{"level":"info","message":"History fetched | User: 69b3f22d54cb044de0ec06b5 | Count: 0","service":"transaction-service","timestamp":"2026-03-14 18:03:54"}
{"level":"info","message":"History fetched | User: 69b3f22d54cb044de0ec06b5 | Count: 0","service":"transaction-service","timestamp":"2026-03-14 18:22:45"}
{"level":"info","message":"History fetched | User: 69b3f22d54cb044de0ec06b5 | Count: 0","service":"transaction-service","timestamp":"2026-03-14 18:22:45"}
{"level":"info","message":"History fetched | User: 69b3f22d54cb044de0ec06b5 | Count: 0","service":"transaction-service","timestamp":"2026-03-14 18:22:57"}
{"level":"info","message":"History fetched | User: 69b3f22d54cb044de0ec06b5 | Count: 0","service":"transaction-service","timestamp":"2026-03-14 18:22:58"}
{"level":"info","message":"History fetched | User: 69b3f22d54cb044de0ec06b5 | Count: 0","service":"transaction-service","timestamp":"2026-03-14 18:23:05"}
{"level":"info","message":"History fetched | User: 69b3f22d54cb044de0ec06b5 | Count: 0","service":"transaction-service","timestamp":"2026-03-14 18:23:05"}
{"level":"info","message":"History fetched | User: 69b3f22d54cb044de0ec06b5 | Count: 0","service":"transaction-service","timestamp":"2026-03-14 18:31:50"}
{"level":"info","message":"History fetched | User: 69b3f22d54cb044de0ec06b5 | Count: 0","service":"transaction-service","timestamp":"2026-03-14 18:31:50"}
{"level":"info","message":"History fetched | User: 69b3f22d54cb044de0ec06b5 | Count: 0","service":"transaction-service","timestamp":"2026-03-14 18:31:55"}
{"level":"info","message":"History fetched | User: 69b3f22d54cb044de0ec06b5 | Count: 0","service":"transaction-service","timestamp":"2026-03-14 18:31:56"}
{"level":"info","message":"TXN SUCCESS | Ref: TXN-J13ZQP190 | Type: DEPOSIT | User: 69b3f22d54cb044de0ec06b5 | Amount: 10","service":"transaction-service","timestamp":"2026-03-14 18:32:06"}
{"level":"info","message":"History fetched | User: 69b3f22d54cb044de0ec06b5 | Count: 1","service":"transaction-service","timestamp":"2026-03-14 18:32:08"}
{"level":"info","message":"History fetched | User: 69b3f22d54cb044de0ec06b5 | Count: 1","service":"transaction-service","timestamp":"2026-03-14 18:32:08"}
{"level":"info","message":"History fetched | User: 69b3f22d54cb044de0ec06b5 | Count: 1","service":"transaction-service","timestamp":"2026-03-14 18:32:12"}
{"level":"info","message":"History fetched | User: 69b3f22d54cb044de0ec06b5 | Count: 1","service":"transaction-service","timestamp":"2026-03-14 18:32:12"}
{"level":"info","message":"History fetched | User: 69b3f22d54cb044de0ec06b5 | Count: 1","service":"transaction-service","timestamp":"2026-03-14 18:32:16"}
{"level":"info","message":"History fetched | User: 69b3f22d54cb044de0ec06b5 | Count: 1","service":"transaction-service","timestamp":"2026-03-14 18:32:16"}
{"level":"info","message":"History fetched | User: 69b3f22d54cb044de0ec06b5 | Count: 1","service":"transaction-service","timestamp":"2026-03-14 18:37:13"}
{"level":"info","message":"History fetched | User: 69b3f22d54cb044de0ec06b5 | Count: 1","service":"transaction-service","timestamp":"2026-03-14 18:37:13"}
{"level":"info","message":"History fetched | User: 69b3f22d54cb044de0ec06b5 | Count: 1","service":"transaction-service","timestamp":"2026-03-14 18:37:16"}
{"level":"info","message":"History fetched | User: 69b3f22d54cb044de0ec06b5 | Count: 1","service":"transaction-service","timestamp":"2026-03-14 18:37:16"}
{"level":"info","message":"History fetched | User: 69b3f22d54cb044de0ec06b5 | Count: 1","service":"transaction-service","timestamp":"2026-03-14 18:37:19"}
{"level":"info","message":"History fetched | User: 69b3f22d54cb044de0ec06b5 | Count: 1","service":"transaction-service","timestamp":"2026-03-14 18:37:20"}
{"level":"info","message":"TXN SUCCESS | Ref: TXN-PIANAC169 | Type: WITHDRAWAL | User: 69b3f22d54cb044de0ec06b5 | Amount: 10","service":"transaction-service","timestamp":"2026-03-14 18:37:27"}
{"level":"info","message":"History fetched | User: 69b3f22d54cb044de0ec06b5 | Count: 2","service":"transaction-service","timestamp":"2026-03-14 18:37:30"}
{"level":"info","message":"History fetched | User: 69b3f22d54cb044de0ec06b5 | Count: 2","service":"transaction-service","timestamp":"2026-03-14 18:37:30"}
{"level":"info","message":"History fetched | User: 69b3f22d54cb044de0ec06b5 | Count: 2","service":"transaction-service","timestamp":"2026-03-14 18:37:33"}
{"level":"info","message":"History fetched | User: 69b3f22d54cb044de0ec06b5 | Count: 2","service":"transaction-service","timestamp":"2026-03-14 18:37:33"}
{"level":"info","message":"History fetched | User: 69b3f22d54cb044de0ec06b5 | Count: 2","service":"transaction-service","timestamp":"2026-03-14 18:39:47"}
{"level":"info","message":"History fetched | User: 69b3f22d54cb044de0ec06b5 | Count: 2","service":"transaction-service","timestamp":"2026-03-14 18:39:47"}
{"level":"info","message":"History fetched | User: 69b3f22d54cb044de0ec06b5 | Count: 2","service":"transaction-service","timestamp":"2026-03-14 18:39:48"}
{"level":"info","message":"History fetched | User: 69b3f22d54cb044de0ec06b5 | Count: 2","service":"transaction-service","timestamp":"2026-03-14 18:39:49"}
{"level":"info","message":"TXN SUCCESS | Ref: TXN-QNKRCP5JJ | Type: DEPOSIT | User: 69b3f22d54cb044de0ec06b5 | Amount: 10","service":"transaction-service","timestamp":"2026-03-14 18:39:56"}
{"level":"info","message":"History fetched | User: 69b3f22d54cb044de0ec06b5 | Count: 3","service":"transaction-service","timestamp":"2026-03-14 18:39:58"}
{"level":"info","message":"History fetched | User: 69b3f22d54cb044de0ec06b5 | Count: 3","service":"transaction-service","timestamp":"2026-03-14 18:39:59"}
{"level":"info","message":"History fetched | User: 69b3f22d54cb044de0ec06b5 | Count: 3","service":"transaction-service","timestamp":"2026-03-14 18:40:10"}
{"level":"info","message":"History fetched | User: 69b3f22d54cb044de0ec06b5 | Count: 3","service":"transaction-service","timestamp":"2026-03-14 18:40:11"}
{"level":"info","message":"History fetched | User: 69b3f22d54cb044de0ec06b5 | Count: 3","service":"transaction-service","timestamp":"2026-03-14 18:41:49"}
{"level":"info","message":"History fetched | User: 69b3f22d54cb044de0ec06b5 | Count: 3","service":"transaction-service","timestamp":"2026-03-14 18:41:50"}
{"level":"info","message":"History fetched | User: 69b3f22d54cb044de0ec06b5 | Count: 3","service":"transaction-service","timestamp":"2026-03-14 18:41:52"}
{"level":"info","message":"History fetched | User: 69b3f22d54cb044de0ec06b5 | Count: 3","service":"transaction-service","timestamp":"2026-03-14 18:41:52"}
{"level":"info","message":"History fetched | User: 69b3f22d54cb044de0ec06b5 | Count: 3","service":"transaction-service","timestamp":"2026-03-14 18:41:53"}
{"level":"info","message":"History fetched | User: 69b3f22d54cb044de0ec06b5 | Count: 3","service":"transaction-service","timestamp":"2026-03-14 18:41:54"}
{"level":"info","message":"History fetched | User: 69b3f22d54cb044de0ec06b5 | Count: 3","service":"transaction-service","timestamp":"2026-03-14 18:42:01"}
{"level":"info","message":"History fetched | User: 69b3f22d54cb044de0ec06b5 | Count: 3","service":"transaction-service","timestamp":"2026-03-14 18:42:01"}
{"level":"info","message":"History fetched | User: 69b3f22d54cb044de0ec06b5 | Count: 3","service":"transaction-service","timestamp":"2026-03-14 18:42:05"}
{"level":"info","message":"History fetched | User: 69b3f22d54cb044de0ec06b5 | Count: 3","service":"transaction-service","timestamp":"2026-03-14 18:42:05"}
{"level":"info","message":"History fetched | User: 69b3f22d54cb044de0ec06b5 | Count: 3","service":"transaction-service","timestamp":"2026-03-14 18:42:07"}
{"level":"info","message":"History fetched | User: 69b3f22d54cb044de0ec06b5 | Count: 3","service":"transaction-service","timestamp":"2026-03-14 18:42:07"}
{"level":"info","message":"History fetched | User: 69b3f22d54cb044de0ec06b5 | Count: 3","service":"transaction-service","timestamp":"2026-03-14 18:42:10"}
{"level":"info","message":"History fetched | User: 69b3f22d54cb044de0ec06b5 | Count: 3","service":"transaction-service","timestamp":"2026-03-14 18:42:10"}
{"level":"info","message":"History fetched | User: 69b3f22d54cb044de0ec06b5 | Count: 3","service":"transaction-service","timestamp":"2026-03-14 18:42:12"}
{"level":"info","message":"History fetched | User: 69b3f22d54cb044de0ec06b5 | Count: 3","service":"transaction-service","timestamp":"2026-03-14 18:42:12"}
{"level":"info","message":"TXN SUCCESS | Ref: TXN-9XKKBZULW | Type: WITHDRAWAL | User: 69b3f22d54cb044de0ec06b5 | Amount: 20","service":"transaction-service","timestamp":"2026-03-14 18:42:20"}
{"level":"info","message":"History fetched | User: 69b3f22d54cb044de0ec06b5 | Count: 4","service":"transaction-service","timestamp":"2026-03-14 18:42:22"}
{"level":"info","message":"History fetched | User: 69b3f22d54cb044de0ec06b5 | Count: 4","service":"transaction-service","timestamp":"2026-03-14 18:42:23"}
{"level":"info","message":"History fetched | User: 69b3f22d54cb044de0ec06b5 | Count: 4","service":"transaction-service","timestamp":"2026-03-14 18:42:28"}
{"level":"info","message":"History fetched | User: 69b3f22d54cb044de0ec06b5 | Count: 4","service":"transaction-service","timestamp":"2026-03-14 18:42:28"}
{"level":"info","message":"History fetched | User: 69b3f22d54cb044de0ec06b5 | Count: 4","service":"transaction-service","timestamp":"2026-03-14 18:43:49"}
{"level":"info","message":"History fetched | User: 69b3f22d54cb044de0ec06b5 | Count: 4","service":"transaction-service","timestamp":"2026-03-14 18:43:49"}
{"level":"info","message":"History fetched | User: 69b3f22d54cb044de0ec06b5 | Count: 4","service":"transaction-service","timestamp":"2026-03-14 18:45:30"}
{"level":"info","message":"History fetched | User: 69b3f22d54cb044de0ec06b5 | Count: 4","service":"transaction-service","timestamp":"2026-03-14 18:45:30"}
{"level":"info","message":"History fetched | User: 69b3f22d54cb044de0ec06b5 | Count: 4","service":"transaction-service","timestamp":"2026-03-14 18:45:43"}
{"level":"info","message":"History fetched | User: 69b3f22d54cb044de0ec06b5 | Count: 4","service":"transaction-service","timestamp":"2026-03-14 18:45:43"}
{"level":"info","message":"History fetched | User: 69b3f22d54cb044de0ec06b5 | Count: 4","service":"transaction-service","timestamp":"2026-03-14 18:45:47"}
{"level":"info","message":"History fetched | User: 69b3f22d54cb044de0ec06b5 | Count: 4","service":"transaction-service","timestamp":"2026-03-14 18:45:47"}
{"level":"info","message":"History fetched | User: 69b3f22d54cb044de0ec06b5 | Count: 4","service":"transaction-service","timestamp":"2026-03-14 18:46:01"}
{"level":"info","message":"History fetched | User: 69b3f22d54cb044de0ec06b5 | Count: 4","service":"transaction-service","timestamp":"2026-03-14 18:46:02"}
{"level":"info","message":"History fetched | User: 69b3f22d54cb044de0ec06b5 | Count: 4","service":"transaction-service","timestamp":"2026-03-14 18:46:24"}
{"level":"info","message":"History fetched | User: 69b3f22d54cb044de0ec06b5 | Count: 4","service":"transaction-service","timestamp":"2026-03-14 18:46:24"}
{"level":"info","message":"History fetched | User: 69b3f22d54cb044de0ec06b5 | Count: 4","service":"transaction-service","timestamp":"2026-03-14 18:48:33"}
{"level":"info","message":"History fetched | User: 69b3f22d54cb044de0ec06b5 | Count: 4","service":"transaction-service","timestamp":"2026-03-14 18:48:33"}
{"level":"info","message":"History fetched | User: 69b3f22d54cb044de0ec06b5 | Count: 4","service":"transaction-service","timestamp":"2026-03-14 18:49:06"}
{"level":"info","message":"History fetched | User: 69b3f22d54cb044de0ec06b5 | Count: 4","service":"transaction-service","timestamp":"2026-03-14 18:53:22"}
{"level":"info","message":"History fetched | User: 69b3f22d54cb044de0ec06b5 | Count: 4","service":"transaction-service","timestamp":"2026-03-14 18:53:23"}
{"level":"info","message":"History fetched | User: 69b3f22d54cb044de0ec06b5 | Count: 4","service":"transaction-service","timestamp":"2026-03-14 18:53:24"}
{"level":"info","message":"History fetched | User: 69b3f22d54cb044de0ec06b5 | Count: 4","service":"transaction-service","timestamp":"2026-03-14 18:53:25"}
{"level":"info","message":"History fetched | User: 69b3f22d54cb044de0ec06b5 | Count: 4","service":"transaction-service","timestamp":"2026-03-14 18:53:35"}
{"level":"info","message":"History fetched | User: 69b3f22d54cb044de0ec06b5 | Count: 4","service":"transaction-service","timestamp":"2026-03-14 18:53:35"}
{"level":"info","message":"History fetched | User: 69b3f22d54cb044de0ec06b5 | Count: 4","service":"transaction-service","timestamp":"2026-03-14 18:53:36"}
{"level":"info","message":"History fetched | User: 69b3f22d54cb044de0ec06b5 | Count: 4","service":"transaction-service","timestamp":"2026-03-14 18:53:36"}
{"level":"info","message":"History fetched | User: 69b3f22d54cb044de0ec06b5 | Count: 4","service":"transaction-service","timestamp":"2026-03-14 18:53:55"}
{"level":"info","message":"History fetched | User: 69b3f22d54cb044de0ec06b5 | Count: 4","service":"transaction-service","timestamp":"2026-03-14 18:53:55"}
